<?xml version="1.0" encoding="UTF-8"?>
<testsuite name="com.example.MensajeriaExpress.PaquetesServicesTest" tests="1" skipped="0" failures="0" errors="0" timestamp="2023-05-10T12:51:29" hostname="DESKTOP-KA3TEVL" time="1.508">
  <properties/>
  <testcase name="crearUnClienteTest()" classname="com.example.MensajeriaExpress.PaquetesServicesTest" time="1.508"/>
  <system-out><![CDATA[]]></system-out>
  <system-err><![CDATA[]]></system-err>
</testsuite>
